    * 0x00018C22381A7594 Sébastien Villemot <sebastien> sig:8
    * 0x0064F9FFBB845E97 Joel Rosdahl <joel> sig:2
    * 0x00806F2BD729A457 Jelmer Vernooij <jelmer> sig:23
    * 0x00B45EBD4CA7BABE NIIBE Yutaka <gniibe> sig:6
    * 0x0312E8C35D8CDA7B Guus Sliepen <guus> sig:45
    * 0x04AAE5B397F1AAAC Ulrich Dangel <uli> sig:11
    * 0x04D147A595E0A1A1 Ross Peachey <rcp> sig:1
    * 0x054BBB9F7D806442 Niels Thykier <nthykier> sig:4
    * 0x060C4E63B071C40A Hwei Sheng Teoh <hsteoh> sig:6
    * 0x06C05D875BE41F21 Sebastian Dröge <slomo> sig:1
    * 0x07DC563D1F41B907 Christian Marillat <marillat> sig:2
    * 0x091AB856069AAA1C Holger Levsen <holger> sig:7
    * 0x0953ED7BAD69A1CB Philipp Hug <hug> sig:3
    * 0x095E77C579CC6586 Christoph Haas <haas> sig:11
    * 0x099491F791B0D3B7 Dirk Eddelbuettel <edd> sig:1
    * 0x0A62E53437A79149 Stuart R. Anderson <anderson> sig:5
    * 0x0B0F2929DF81EE83 Rob Bradford <robster> sig:1
    * 0x0CFF30E126257B68 Christian Surchi <csurchi> sig:1
    * 0x0D46FE7CD21DF495 Brian Ristuccia <brianr> sub:1 sig:4
    * 0x0DE8799EA7D6AE79 David Watson <dwatson> sig:1
    * 0x100952B5F801A743 Nicolas Duboc <nduboc> sub:1 sig:1
    * 0x10510A738501C7FC Sebastian Harl <tokkee> sig:9
    * 0x141138DDA3E45D66 Alexander Neumann <alexander> sig:7
    * 0x152865FB627CCF95 Bas Wijnen <wijnen> sig:1
    * 0x159EB5C4EFC8774C Benjamin Drung <bdrung> sig:3
    * 0x15E002BA5D8C12EA Ganesan Rajagopal <rganesan> sig:1
    * 0x16AD84C0641323B1 Jérémie Corbier <jcorbier> sig:1
    * 0x16E2F4F5FC81E159 Tim Cutts <tjrc1> sig:4
    * 0x18147B073BAD2B07 Olly Betts <olly> sig:12
    * 0x18A0CC8D5706A4B4 Simon Richter <sjr> sig:218
    * 0x18A1B1CF0FE53DD9 Ola Lundqvist <opal> sig:41
    * 0x1B0006256FB29164 Wouter Verhelst <wouter> sig:36
    * 0x1B132E01CEC6AD46 Kan-Ru Chen <koster> sig:6
    * 0x1BD0E4A5D047CDE1 Francisco Moya <paco> sig:1
    * 0x1BF83C5E54FC8640 Dann Frazier <dannf> sig:4
    * 0x1C570C890E4BD0AB George Danchev <danchev> sig:2
    * 0x1CFA3E8CD7145E30 Martin Loschwitz <madkiss> sig:5
    * 0x1CFC22F3363DEAE3 Siegfried-Angel Gevatter Pujals <sgevatter> sig:10
    * 0x1D87E54973647CFF Nico Golde <nion> sig:236
    * 0x1DA8DA33DDCD686A Scott Kitterman <kitterman> sig:1
    * 0x1DBF071150973B91 Phil Brooke <pjb> sig:12
    * 0x1EC237D9534584E8 Antti-Juhani Kaijanaho <ajk> sig:4
    * 0x1EFEB1801A49C0D2 Mònica Ramírez Arceda <monica> sig:19
    * 0x21D20589974B3E96 Tony Mancill <tmancill> sig:9
    * 0x21EC4FDC84AD676C Scott James Remnant <keybuk> sig:50
    * 0x24A01418AC15B50C Evgeni Golov <evgeni> uid:1 sig:91
    * 0x258494BA917A225E Jordi Mallach <jordi> sig:3
    * 0x26E3C875A74420EF Christoph Göhre <gris> sig:11
    * 0x29BE5D2268FD549F Martin Michlmayr <tbm> sig:6
    * 0x2AE901E5C70218D2 Frederic Peters <fpeters> sig:8
    * 0x2DCE3F2836D4E4F5 Javi Merino <vicho> sig:1
    * 0x30550F7871EF0BA8 Yves-Alexis Perez <corsac> sub:3 sig:5
    * 0x3056F0EF4C2D3EFA Cesar Mendoza <mendoza> sig:1
    * 0x31036EC736B861C1 Ben Burton <bab> sig:6
    * 0x31FCE7E7DD079461 Gerfried Fuchs <rhonda> sig:2
    * 0x32175C0DC1027A0E Gregory Colpart <reg> sig:10
    * 0x32247FBB40AD1FA6 Nobuhiro Iwamatsu <iwamatsu> sig:1
    * 0x329465A24F1FC85D Carsten Hey <carsten> sig:2
    * 0x3355F4D63B5821CC Bart Martens <bartm> sig:4
    * 0x33961588E1C21845 Thijs Kinkhorst <thijs> sig:36
    * 0x38A0AD5BCACAB118 Jose Luis Rivas Contreras <ghostbar> sig:12
    * 0x394DC5910ED704EA Mohammed Adnène Trojette <adn> sig:6
    * 0x39A237CB2809E61A Jose M. Moya <josem> sig:1
    * 0x3A936196C095D941 Bdale Garbee <bdale> sig:9
    * 0x3BBFCF77BD8B050D Roland Rosenfeld <roland> sig:1
    * 0x3CCEBABE206C3B69 Daniel Silverstone <dsilvers> sig:4
    * 0x3F4A8A8FE07F1CF9 Ludovic Rousseau <rousseau> sig:3
    * 0x416F061063FEE659 Erinn Clark <erinn> sig:6
    * 0x461F3C17C3DC59FA Brice Goglin <bgoglin> sig:8
    * 0x46801517A1696D2B Laurent Fousse <lfousse> sig:4
    * 0x4C5A6BAB12D2A7AE Christoph Berg <myon> sig:3
    * 0x4CA23313A2D8F6BF Patrick Schoenfeld <schoenfeld> sig:4
    * 0x4D249D9B23E6FC3A Timo Lindfors <lindi> sig:3
    * 0x5028272F3FD29468 Hilko Bengen <bengen> sig:1
    * 0x51106DF5CD92D072 Stefano Rivera <stefanor> sig:9
    * 0x526F01E8564EE4B6 Adam C. Powell, IV <hazelsct> sig:3
    * 0x5394479DD3524C51 Jonathan Wiltshire <jmw> sig:6
    * 0x53E8165BEBEDB32B Christopher Martin <chrsmrtn> sig:2
    * 0x54D4094CF1219B84 Nick Rusnov <nickrusnov> sig:47
    * 0x5586A7DF9F8D08A7 Arthur de Jong <adejong> sig:33
    * 0x55C9882D999BBCC4 Martin F. Krafft <madduck> sig:4
    * 0x564126F229F19BD1 Michael Meskes <meskes> sig:10
    * 0x5759F35001AA4A64 Steve Langasek <vorlon> sig:3
    * 0x57930DAB0B86B067 Joost van Baal <joostvb> sig:15
    * 0x583CA816CD98B20A Tim Riker <timr> sig:8
    * 0x587979573442684E Steve McIntyre <93sam> sig:3
    * 0x58B174319DA5CAD8 Philipp Frauenfelder <pfrauenf> sig:23
    * 0x58C0FB1CDE3B7600 Tristan Seligmann <mithrandi> uid:1 sig:2
    * 0x5B9AA5F8801EA932 Martin Schulze <joey> sig:5
    * 0x5CA450DE52B7487E Steinar H. Gunderson <sesse> sig:10
    * 0x5D328D082AAAB140 Hideki Yamane <henrich> sig:3
    * 0x5D3CE77FD54F0847 Mark Shuttleworth <marks> sig:6
    * 0x5D8EE50CF0199162 Richard Kreckel <kreckel> sig:1
    * 0x5F3931A6E213F1A0 Akira Yamada <akira> sig:1
    * 0x62B54B8C11404EC3 Noah Meyerhans <noahm> sig:40
    * 0x63D2D5D907F89BB8 Ludovico Gardenghi <garden> sig:77
    * 0x64959FE9838DF19C Anne Christine Spang <christine> sig:4
    * 0x6606027F6437124C Konstantinos Margaritis <markos> sig:5
    * 0x6771A2CC718329DC Shugo Maeda <shugo> sig:2
    * 0x696436BF575D0A76 Martín Ferrari <tincho> sig:9
    * 0x6AE1DF0D608F22DC Michael Biebl <biebl> sig:5
    * 0x6F17A5AFC1F24EA4 Stefan Fritsch <sf> sig:10
    * 0x7174A18FAAA7A078 Asias He <asias> uid:1 sig:9
    * 0x71A802D0BCD1BC92 Yukiharu YABUKI <yyabuki> sig:18
    * 0x73DF8DAB0A327652 Thomas Schmidt <tschmidt> sig:28
    * 0x7649D1C5B4A4E070 Ed Boraas <ed> sig:31
    * 0x769FBF4873014091 Robert S. Edmonds <edmonds> sig:3
    * 0x76B534B2E99007E0 Thorsten Glaser <tg> sig:12
    * 0x77A8F36A3B047084 Mike Markley <madhack> sig:72
    * 0x7867D53C747935DD Cyril Brulebois <kibi> sig:1
    * 0x789D6F057FD863FE Salvatore Bonaccorso <carnil> sig:23
    * 0x792152527B75921E Antoine Beaupré <anarcat> sig:35
    * 0x7A81833366468D05 Marcelo Magallon <mmagallo> sig:1
    * 0x7A95A5B988784703 Juan Cespedes <cespedes> sig:1
    * 0x7B585B30807C2A87 Paul Richards Tagliamonte <paultag> sig:30
    * 0x7C811013F5C9708D Roberto Lumbreras <rover> sig:4
    * 0x7CC5451EA244C858 Torsten Marek <shlomme> sig:19
    * 0x7ECDAD406C0084FC Chris Vanden Berghe <chrisvdb> sig:3
    * 0x7EDE8735DC426429 Frank S. Thomas <fst> sig:1
    * 0x7FD9FCCB000BEEEE Jim Meyering <meyering> sig:8
    * 0x813FE83A74974824 Xavier Lüthi <xluthi> sig:13
    * 0x850BA2DE13FEFC40 Bartosz Fenski <fenio> sig:3
    * 0x85672E5DDDA51280 Christian T. Steigies <cts> sig:1
    * 0x867BF9A9FBD3EB8E Robert Collins <robertc> sig:8
    * 0x887B60618B3C16AE Dmitrijs Ledkovs <xnox> sub:1 sig:3
    * 0x8972F4DFDC6DC026 Kees Cook <kees> sig:1
    * 0x89CD4B21607559E6 Benjamin Hill <mako> sig:1
    * 0x8A838BE4D8480F2E Jan Lübbe <jluebbe> sig:5
    * 0x8B28B3196A072D39 Niko Tyni <ntyni> sig:3
    * 0x8CBF9A322861A790 Micah Anderson <micah> sig:3
    * 0x8E055F139B726B71 Stefan Hornburg <racke> sig:8
    * 0x8E62E7F764011A8B Jonathan Oxer <jon> sig:1
    * 0x8F638F961B3045CE Colin Tuckley <colint> sig:12
    * 0x8F7BF8FC4A11C97A Ryan Kavanagh <rak> sig:1
    * 0x92BC94766394265E Peter Karlsson <peterk> sig:66
    * 0x93B991367D61E3E6 Magnus Holmgren <holmgren> sig:22
    * 0x965522B9D49AE731 Christoph Egger <christoph> sig:6
    * 0x96FF6FE4244ACFB7 Will Newton <will> uid:1 sig:1
    * 0x97325DD8F9FDD506 Luke Faraone <lfaraone> sig:33
    * 0x97BA9CE761A0963B John Sullivan <johns> sig:6
    * 0x987689619ED101BF Michael Banck <mbanck> sig:3
    * 0x9946397AE142E6F4 M J Ray <mjr> sub:2 sig:7
    * 0x9BC7E5DC74886B63 Nathan Scott <nathans> sig:2
    * 0x9C31503C6D866396 Stefano Zacchiroli <zack> sig:11
    * 0x9C84EE1AB9D02636 Brian May <bam> sig:8
    * 0x9CCBDA1601FA8B4A Sune Vuorela <sune> sig:6
    * 0x9D20F6503E338888 Mikhail Gusarov <dottedmag> sig:17
    * 0x9D5BD511B7CDA2DC Max Vozeler <xam> sig:3
    * 0x9ED078EF4B3A135C Erich Schubert <erich> sig:6
    * 0x9EF854EDFC992520 Tomas Pospisek <tpo> sig:6
    * 0x9F0FE587374BBE81 Hans-Christoph Steiner <eighthave> sig:4
    * 0xA02CDA9F3D08B612 Mark Purcell <msp> sig:5
    * 0xA1183F8ED1028C8D Kartik Mistry <kartik> sub:1 sig:1
    * 0xA6DC24D9DA2493D1 Sven Hoexter <hoexter> sig:9
    * 0xA72FF66C42BD645D Alexander Zangerl <az> uid:1 sig:1
    * 0xA73E0055558FB8DD Jan Dittberner <jandd> sig:45
    * 0xA82FBB83F3D57033 Dario Minnucci <midget> sig:62
    * 0xA84F709AEDD3D779 Roland Marcus Rutschmann <rudi> uid:1 sig:2
    * 0xA8CB01F5BE9F70EA Thomas Bushnell <tb> sig:19
    * 0xA8D2CD13AA544AA1 Y Giridhar Appaji Nag <appaji> sig:7
    * 0xA97A7702BAF91EF5 Gaudenz Steinlin <guadenz> sig:83
    * 0xAA036173A723E391 Klaus Reimer <kay> sig:4
    * 0xAB8C00CFF8E26537 Dmitry Oboukhov <unera> sig:8
    * 0xAB98288E36D33D07 Ognyan Kulev <ogi> sig:80
    * 0xABB48F0DC3C24BDE Rene Mayrhofer <rmayr> sig:17
    * 0xAD295AE1D75F8533 Josselin Mouette <joss> sig:31
    * 0xAF2283AA76E2AC7B Hector Oron <zumbi> sig:5
    * 0xB0E198D79057B5D3 Remi Vanicat <vanicat> sig:3
    * 0xB1A9DD82DC814B09 Javier Fernandez-Sanguino Peña <jfs> sig:1
    * 0xB1CCD97290267086 Marc Dequènes <duck> sig:5
    * 0xB28EBE4FBA98E15D Al Stone <ahs3> sig:1
    * 0xB3118CEF8AEA8FEE Stephen Gran <sgran> sig:2
    * 0xB3464F896AA15948 Ana Beatriz Guerrero López <ana> sig:1
    * 0xB3753E4D514B3E7C Florian Ernst <florian> sig:2
    * 0xB52A9CF4490DFC8D Nicolas Boulenguez <nicolas> sig:5
    * 0xB65A4871CA19D717 Tollef Fog Heen <tfheen> sig:20
    * 0xB82A217AFDFE09F2 David Prévot <taffit> sig:4
    * 0xBAA569D0CBF12A6A Scott Howard <showard> sig:5
    * 0xBAC78EE5DBA50595 Behan Webster <behanw> sig:5
    * 0xBB20AC20E0B7D6BE René Mayorga <rmayorga> sig:6
    * 0xBC372252CA1CF964 Ansgar Burchardt <ansgar> sig:3
    * 0xBD099FA292DC02A9 Petr Rockai <mornfall> sig:2
    * 0xC073D2287FFB9E9B Michael Hanke <mih> sig:6
    * 0xC09E1D8995930EDE Axel Beckert <abe> sig:26
    * 0xC0A4F11DE06B3F97 Mattias Nordstrom <mnordstr> sig:1
    * 0xC24B65A2672C8B12 Alexander Reichle-Schmehl <tolimar> sig:4
    * 0xC2B079FCF5C75256 Russell Coker <etbe> sig:1
    * 0xC31F4FD949AB2B6C Dominique Dumont <dod> sig:4
    * 0xC38E8160A17841FE Aron Xu <aron> sig:16
    * 0xC3F436CA30F5D8EB Mark Brown <broonie> sub:2 sig:12
    * 0xC4D012FFE0163787 Kristoffer Rose <krisrose> sig:3
    * 0xC514AF8E4BA401C3 Alberto Gonzalez Iniesta <agi> sig:12
    * 0xC61A895E85EE3E0E Dmitry Borodaenko <angdraug> sig:5
    * 0xC79838D0436337DD Paul Robert Hedderly <prh> sig:3
    * 0xC7D930259DFFAAD4 Ludovic Brenta <lbrenta> sig:1
    * 0xC90F9CB90E1FAD0C Jo Shields <directhex> sig:22
    * 0xCA87E9E82AAC33F1 Alexander GQ Gerasiov <gq> sig:2
    * 0xCB6FA340E7075A54 Masayuki Hatta <mhatta> sig:54
    * 0xCCD2ED94D21739E9 Daniel Gillmor <dkg> sig:4
    * 0xCE1F9C674512C22A Praveen Arimbrathodiyil <praveen> uid:1 sig:3
    * 0xCE84E8E795A4F1D6 Salvador Abreu <spa> sig:2
    * 0xCF153232C24B6010 Matthew Danish <mrd> sig:2
    * 0xD1065AB38E384AF2 Christopher L. Cheney <ccheney> sig:3
    * 0xD200EB30A0FB5DA6 Gustavo Noronha <kov> sig:8
    * 0xD29B1AFCF90FFFE5 David Parker <dap> sig:76
    * 0xD2BF4AA309C5B094 Norbert Preining <preining> sig:2
    * 0xD35BBC99BC7D020A Alexander Wirt <formorer> sig:5
    * 0xD573D5B129AB4CDD Jeremy Bouse <jbouse> sig:10
    * 0xD6EFA6AC4B10D847 Tanguy Ortolo <tanguy> sig:70
    * 0xD8377D4EE81E55C1 Junichi Uekawa <dancer> sig:1
    * 0xD8E0724BB29396EB Andrés Roldán <aroldan> sig:1
    * 0xD8EED7F3C83BFA9A Sebastian Reichel <sre> sig:62
    * 0xDA286F326C5F196B Oleksandr V. Moskalenko <malex> sig:1
    * 0xDA4958F611E149E9 Cédric Boutillier <boutil> sig:8
    * 0xDA91EE7BA58E164F Fredrik Steen <stone> sig:154
    * 0xDAF7350A7EBBD625 Roland McGrath <frob> sig:17
    * 0xDB6414CA204DDF1B Arnaud Quette <aquette> sig:3
    * 0xDD29F88442839ED3 John Goerzen <jgoerzen> sig:2
    * 0xDDC7ECFBB4F83169 Roland Dreier <rbd> sig:8
    * 0xE1060E07B25A5CF1 Masahito Omote <omote> sig:6
    * 0xE106481EEDF008C5 Eduard Bloch <blade> sig:1
    * 0xE15517F22B0920C0 Loïc Minier <lool> sig:1
    * 0xE42E41CAFD50FF4F Miquel van Smoorenburg <miquels> sig:4
    * 0xE4CE6199D0980A99 Jeff Bailey <jbailey> sig:1
    * 0xE5EFAB90080EA63C Tatsuya Kinoshita <tats> sig:3
    * 0xE6AA90171392B174 David Paleino <dapal> sig:6
    * 0xE7BFC8EC95861109 Ben Hutchings <benh> sig:5
    * 0xE7F710555409E422 Kamal Mostafa <kamal> sig:1
    * 0xE8A48AE5311D765A Alessio Treglia <alessio> sig:9
    * 0xEB36171A6FF9435F Bernd Zeimetz <bzed> sig:9
    * 0xEBB31A62C85D8F71 Kevin Coyner <kcoyner> sig:13
    * 0xEDFB700537155778 Gustavo Franco <stratus> sig:4
    * 0xEE25DE3F1CDB0FE3 Henrique de Moraes Holschuh <hmh> sig:2
    * 0xEF653E8D5AF4C462 Cord Beermann <cord> sig:5
    * 0xF09B1EEDDEBA6F3E Thorvald Natvig <thorvald> sig:3
    * 0xF167E43C8143B682 Neil Williams <codehelp> sig:6
    * 0xF16961C8CC8D7957 Manuel Prinz <manuel> sig:1
    * 0xF1D2CCC8497A176D Loic Dachary <loic> sig:4
    * 0xF2F11C23F00A2BE6 Ritesh Raj Sarraf <rrs> sig:6
    * 0xF3AC49989AD13245 Kevin Glynn <keving> sig:1
    * 0xF4E66A7CC20DF273 Ondrej Sury <ondrej> sig:4
    * 0xF628EB934743206C Joachim Breitner <nomeata> sig:8
    * 0xF675AAE2D2AB2220 Jeremy Malcolm <terminus> sig:1
    * 0xF7F0E70F307D56ED Noèl Köthe <noel> sig:4
    * 0xF82E5CC04B2B2B9E Daniel Baumann <daniel> sig:38
    * 0xF98825AC26B47B9F Martin Pitt <mpitt> sig:21
    * 0xF9CA01D5E26A6F28 Alex Pennace <alexp> sig:30
    * 0xFBD5225B588752A1 Chow Loong Jin <hyperair> uid:1 sig:2
    * 0xFC8D76733C86260F Sam Hartman <hartmans> sig:1
    * 0x96DD4846A3D2357B Martin Bagge <brother> sig:4
    * 0x07FC4891042BA65A UNKNOWN (DM?) sig:4
    * 0x0ADB299C1F137C9F UNKNOWN (DM?) sig:4
    * 0x156EEC0737AD3296 UNKNOWN (DM?) sig:36
    * 0x26CAA901117A251E UNKNOWN (DM?) sig:9
    * 0x2713E679084651AF UNKNOWN (DM?) sig:21
    * 0x38548517DAD3D5EE UNKNOWN (DM?) sig:1
    * 0x398D1112D3A4BDE1 UNKNOWN (DM?) sig:3
    * 0x3A8336743AF72612 UNKNOWN (DM?) sig:3
    * 0x524EC3CDEF584970 UNKNOWN (DM?) sig:2
    * 0x52B6BBD953968D1B UNKNOWN (DM?) uid:1 sig:2
    * 0x548662D00E41645E UNKNOWN (DM?) sig:3
    * 0x554297EDF9CCA585 UNKNOWN (DM?) sig:6
    * 0x651EEFB02527DF13 UNKNOWN (DM?) sig:44
    * 0x6E608B637D8967E9 UNKNOWN (DM?) sig:76
    * 0x6EA4D2311A2D268D UNKNOWN (DM?) uid:1 sig:49
    * 0x7115AFD07710DCF7 UNKNOWN (DM?) sig:3
    * 0x826355E260F7BCB2 UNKNOWN (DM?) sig:13
    * 0x934380E836A0D0AA UNKNOWN (DM?) sig:3
    * 0x936A835B678B9796 UNKNOWN (DM?) sig:24
    * 0x9394F354891D7E07 UNKNOWN (DM?) sig:1
    * 0x94842BC86E511C31 UNKNOWN (DM?) sig:7
    * 0x9688FFC1C78102DF UNKNOWN (DM?) sig:5
    * 0x9AF46B3025771B31 UNKNOWN (DM?) sig:9
    * 0x9D0470BDA6CDC457 UNKNOWN (DM?) sig:2
    * 0xB8E5087766475AAF UNKNOWN (DM?) sig:12
    * 0xEC371482956781AF UNKNOWN (DM?) sig:20
    * 0xEDA21E94B565716F UNKNOWN (DM?) sig:12
